0 info it worked if it ends with ok
1 verbose cli [ '/usr/local/bin/node', '/usr/local/bin/npm', 'start' ]
2 info using npm@3.10.3
3 info using node@v5.6.0
4 verbose run-script [ 'prestart', 'start', 'poststart' ]
5 info lifecycle react-gif-search-@1.0.0~prestart: react-gif-search-@1.0.0
6 silly lifecycle react-gif-search-@1.0.0~prestart: no script for prestart, continuing
7 info lifecycle react-gif-search-@1.0.0~start: react-gif-search-@1.0.0
8 verbose lifecycle react-gif-search-@1.0.0~start: unsafe-perm in lifecycle true
9 verbose lifecycle react-gif-search-@1.0.0~start: PATH: /usr/local/lib/node_modules/npm/bin/node-gyp-bin:/Users/rcaragol/Developer/react/react-gif-search-/node_modules/.bin:/usr/local/bin:/usr/local/bin:/usr/local/bin:/opt/local/bin:/opt/local/sbin:/Users/rcaragol/.rbenv/shims:/usr/local/opt/gnu-sed/libexec/gnubin:/usr/local/bin:/usr/local/sbin:/usr/local/mysql/bin:/usr/bin:/usr/local/bin:/usr/bin:/bin:/usr/sbin:/sbin:/opt/X11/bin:/usr/local/git/bin
10 verbose lifecycle react-gif-search-@1.0.0~start: CWD: /Users/rcaragol/Developer/react/react-gif-search-
11 silly lifecycle react-gif-search-@1.0.0~start: Args: [ '-c', 'webpack-dev-server' ]
12 silly lifecycle react-gif-search-@1.0.0~start: Returned: code: 1  signal: null
13 info lifecycle react-gif-search-@1.0.0~start: Failed to exec start script
14 verbose stack Error: react-gif-search-@1.0.0 start: `webpack-dev-server`
14 verbose stack Exit status 1
14 verbose stack     at EventEmitter.<anonymous> (/usr/local/lib/node_modules/npm/lib/utils/lifecycle.js:242:16)
14 verbose stack     at emitTwo (events.js:100:13)
14 verbose stack     at EventEmitter.emit (events.js:185:7)
14 verbose stack     at ChildProcess.<anonymous> (/usr/local/lib/node_modules/npm/lib/utils/spawn.js:40:14)
14 verbose stack     at emitTwo (events.js:100:13)
14 verbose stack     at ChildProcess.emit (events.js:185:7)
14 verbose stack     at maybeClose (internal/child_process.js:827:16)
14 verbose stack     at Process.ChildProcess._handle.onexit (internal/child_process.js:211:5)
15 verbose pkgid react-gif-search-@1.0.0
16 verbose cwd /Users/rcaragol/Developer/react/react-gif-search-/build
17 error Darwin 15.6.0
18 error argv "/usr/local/bin/node" "/usr/local/bin/npm" "start"
19 error node v5.6.0
20 error npm  v3.10.3
21 error code ELIFECYCLE
22 error react-gif-search-@1.0.0 start: `webpack-dev-server`
22 error Exit status 1
23 error Failed at the react-gif-search-@1.0.0 start script 'webpack-dev-server'.
23 error Make sure you have the latest version of node.js and npm installed.
23 error If you do, this is most likely a problem with the react-gif-search- package,
23 error not with npm itself.
23 error Tell the author that this fails on your system:
23 error     webpack-dev-server
23 error You can get information on how to open an issue for this project with:
23 error     npm bugs react-gif-search-
23 error Or if that isn't available, you can get their info via:
23 error     npm owner ls react-gif-search-
23 error There is likely additional logging output above.
24 verbose exit [ 1, true ]
